#
# A fatal error has been detected by the Java Runtime Environment:
#
#  SIGSEGV (0xb) at pc=0x00007f062adc39bc, pid=28462, tid=139664311428864
#
# JRE version: Java(TM) SE Runtime Environment (7.0_45-b18) (build 1.7.0_45-b18)
# Java VM: Java HotSpot(TM) 64-Bit Server VM (24.45-b08 mixed mode linux-amd64 compressed oops)
# Problematic frame:
# V  [libjvm.so+0x51c9bc]  frame::sender(RegisterMap*) const+0x7c
#
# Failed to write core dump. Core dumps have been disabled. To enable core dumping, try "ulimit -c unlimited" before starting Java again
#
# If you would like to submit a bug report, please visit:
#   http://bugreport.sun.com/bugreport/crash.jsp
#

---------------  T H R E A D  ---------------

Current thread (0x0000000000f09800):  JavaThread "JDWP Transport Listener: dt_socket" daemon [_thread_in_vm, id=28479, stack(0x00007f06219ba000,0x00007f0621abb000)]

siginfo:si_signo=SIGSEGV: si_errno=0, si_code=128 (), si_addr=0x0000000000000000

Registers:
RAX=0x5b000007f8c48148, RBX=0x00007f0621ab8f40, RCX=0x5f415e415d415c41, RDX=0x00007f0621ab8980
RSP=0x00007f0621ab8900, RBP=0x00007f0621ab8910, RSI=0x0000000000f30b48, RDI=0x00007f0625fe2360
R8 =0x000000000000000b, R9 =0x0000000000000018, R10=0x0000000000f2ff48, R11=0x00007f062c1efec0
R12=0x0000000000f30b48, R13=0x00007f0621ab8980, R14=0x00007f0621ab8f40, R15=0x00007f062b6e3450
RIP=0x00007f062adc39bc, EFLAGS=0x0000000000010246, CSGSFS=0x0000000000000033, ERR=0x0000000000000000
  TRAPNO=0x000000000000000d

Top of Stack: (sp=0x00007f0621ab8900)
0x00007f0621ab8900:   00007f0621ab8f40 0000000000f30b48
0x00007f0621ab8910:   00007f0621ab8970 00007f062adc0498
0x00007f0621ab8920:   00007f0621ab8f60 00007f062b22fd43
0x00007f0621ab8930:   00000000bae290c0 0000000000e71800
0x00007f0621ab8940:   00007f0621ab8960 0000000000f30540
0x00007f0621ab8950:   0000000000f30548 0000000000f30b40
0x00007f0621ab8960:   0000000000f30b48 00007f0621ab8980
0x00007f0621ab8970:   00007f0621ab8fa0 00007f062b22fe43
0x00007f0621ab8980:   0000000000f30880 0000000000f30d08
0x00007f0621ab8990:   0000000000f30d08 0000000000f31250
0x00007f0621ab89a0:   0000000000f31250 0000000000f31c88
0x00007f0621ab89b0:   0000000000f31758 0000000000f30768
0x00007f0621ab89c0:   0000000000000000 0000000000000000
0x00007f0621ab89d0:   00007f062c1ef698 00007f062c1ef698
0x00007f0621ab89e0:   00007f062b6d62e0 00007f0600000006
0x00007f0621ab89f0:   0000000000f30bf0 00007f062b632630
0x00007f0621ab8a00:   0000000000f30c58 0000000000f31118
0x00007f0621ab8a10:   0000000800000005 0000000400000001
0x00007f0621ab8a20:   000000060000003f 0000000000000001
0x00007f0621ab8a30:   0000000000f30c48 0000000001170620
0x00007f0621ab8a40:   1000200000000000 0000000000f279e0
0x00007f0621ab8a50:   0000000000f30c50 00007f062b612450
0x00007f0621ab8a60:   0000000000f30c98 0000000000f2e140
0x00007f0621ab8a70:   0000000000f2e140 0000000000f2fbe0
0x00007f0621ab8a80:   0000000000f2e140 0000000000000000
0x00007f0621ab8a90:   0000000000000000 0000000000000000
0x00007f0621ab8aa0:   00007f062b679e90 0000000000f30d00
0x00007f0621ab8ab0:   0000000000f310f8 0000000100000001
0x00007f0621ab8ac0:   0000000400000001 0040020800000040
0x00007f0621ab8ad0:   0000000000000000 0000000000000000
0x00007f0621ab8ae0:   0000000000000000 0000000000000000
0x00007f0621ab8af0:   0000000000000000 0000000000000000 

Instructions: (pc=0x00007f062adc39bc)
0x00007f062adc399c:   48 8d 04 07 48 39 c1 73 d8 48 89 df e8 03 fa ff
0x00007f062adc39ac:   ff 48 89 d8 5b 41 5c c9 c3 0f 1f 00 48 8b 46 20
0x00007f062adc39bc:   48 8b 78 08 48 8b 10 48 83 c0 10 48 89 03 48 89
0x00007f062adc39cc:   43 28 48 89 53 20 48 89 7b 08 e8 25 45 f0 ff 48 

Register to memory mapping:

RAX=0x5b000007f8c48148 is an unknown value
RBX=0x00007f0621ab8f40 is pointing into the stack for thread: 0x0000000000f09800
RCX=0x5f415e415d415c41 is an unknown value
RDX=0x00007f0621ab8980 is pointing into the stack for thread: 0x0000000000f09800
RSP=0x00007f0621ab8900 is pointing into the stack for thread: 0x0000000000f09800
RBP=0x00007f0621ab8910 is pointing into the stack for thread: 0x0000000000f09800
RSI=0x0000000000f30b48 is an unknown value
RDI=0x00007f0625fe2360 is pointing into interpreter code (not bytecode specific)
R8 =0x000000000000000b is an unknown value
R9 =0x0000000000000018 is an unknown value
R10=0x0000000000f2ff48 is an unknown value
R11=0x00007f062c1efec0 is pointing into the stack for thread: 0x0000000000e71800
R12=0x0000000000f30b48 is an unknown value
R13=0x00007f0621ab8980 is pointing into the stack for thread: 0x0000000000f09800
R14=0x00007f0621ab8f40 is pointing into the stack for thread: 0x0000000000f09800
R15=0x00007f062b6e3450: <offset 0xe3c450> in /home/joan/Projectes/Lib/jdk1.7.0_45/jre/lib/amd64/server/libjvm.so at 0x00007f062a8a7000


Stack: [0x00007f06219ba000,0x00007f0621abb000],  sp=0x00007f0621ab8900,  free space=1018k
Native frames: (J=compiled Java code, j=interpreted, Vv=VM code, C=native code)
V  [libjvm.so+0x51c9bc]  frame::sender(RegisterMap*) const+0x7c
V  [libjvm.so+0x519498]  frame::real_sender(RegisterMap*) const+0x18
V  [libjvm.so+0x988e43]  vframe::sender() const+0x63
V  [libjvm.so+0x98710a]  vframe::java_sender() const+0x2a
V  [libjvm.so+0x6dec43]  JvmtiEnvBase::vframeFor(JavaThread*, int)+0x63
V  [libjvm.so+0x6e05c6]  JvmtiEnvBase::get_frame_location(JavaThread*, int, _jmethodID**, long*)+0x86
V  [libjvm.so+0x6d4b74]  JvmtiEnv::GetFrameLocation(JavaThread*, int, _jmethodID**, long*)+0xc4
V  [libjvm.so+0x6991d0]  jvmti_GetFrameLocation+0x2a0
C  [libjdwp.so+0xa944]  frames+0x234
C  [libjdwp.so+0x118e6]  debugLoop_run+0x2b6
C  [libjdwp.so+0x2432f]  attachThread+0x2f
V  [libjvm.so+0x6f45c7]  JvmtiAgentThread::call_start_function()+0x97
V  [libjvm.so+0x94d38f]  JavaThread::thread_main_inner()+0xdf
V  [libjvm.so+0x94d495]  JavaThread::run()+0xf5
V  [libjvm.so+0x815288]  java_start(Thread*)+0x108


---------------  P R O C E S S  ---------------

Java Threads: ( => current thread )
  0x0000000000f0f800 JavaThread "SIGTERM handler" daemon [_thread_blocked, id=28491, stack(0x00007f06217b8000,0x00007f06218b9000)]
  0x0000000000f24000 JavaThread "Service Thread" daemon [_thread_blocked, id=28488, stack(0x00007f06214b5000,0x00007f06215b6000)]
  0x0000000000f21800 JavaThread "C2 CompilerThread1" daemon [_thread_blocked, id=28487, stack(0x00007f06215b6000,0x00007f06216b7000)]
  0x0000000000f1f000 JavaThread "C2 CompilerThread0" daemon [_thread_blocked, id=28486, stack(0x00007f06216b7000,0x00007f06217b8000)]
  0x0000000000f0d000 JavaThread "JDWP Event Helper Thread" daemon [_thread_blocked, id=28480, stack(0x00007f06218b9000,0x00007f06219ba000)]
=>0x0000000000f09800 JavaThread "JDWP Transport Listener: dt_socket" daemon [_thread_in_vm, id=28479, stack(0x00007f06219ba000,0x00007f0621abb000)]
  0x0000000000ed7800 JavaThread "Finalizer" daemon [_thread_blocked, id=28474, stack(0x00007f0621dc0000,0x00007f0621ec1000)]
  0x0000000000ed3800 JavaThread "Reference Handler" daemon [_thread_blocked, id=28472, stack(0x00007f0621ec1000,0x00007f0621fc2000)]
  0x0000000000e71800 JavaThread "main" [_thread_blocked, id=28463, stack(0x00007f062c1d2000,0x00007f062c2d3000)]

Other Threads:
  0x0000000000ed1800 VMThread [stack: 0x00007f0621fc2000,0x00007f06220c3000] [id=28468]

VM state:synchronizing (normal execution)

VM Mutex/Monitor currently owned by a thread:  ([mutex/lock_event])
[0x0000000000e6dec0] Threads_lock - owner thread: 0x0000000000ed1800

Heap
 PSYoungGen      total 153600K, used 23780K [0x00000000eaa80000, 0x00000000f5580000, 0x0000000100000000)
  eden space 132096K, 18% used [0x00000000eaa80000,0x00000000ec1b9170,0x00000000f2b80000)
  from space 21504K, 0% used [0x00000000f4080000,0x00000000f4080000,0x00000000f5580000)
  to   space 21504K, 0% used [0x00000000f2b80000,0x00000000f2b80000,0x00000000f4080000)
 ParOldGen       total 349696K, used 0K [0x00000000c0000000, 0x00000000d5580000, 0x00000000eaa80000)
  object space 349696K, 0% used [0x00000000c0000000,0x00000000c0000000,0x00000000d5580000)
 PSPermGen       total 21504K, used 7062K [0x00000000bae00000, 0x00000000bc300000, 0x00000000c0000000)
  object space 21504K, 32% used [0x00000000bae00000,0x00000000bb4e5840,0x00000000bc300000)

Card table byte_map: [0x00007f0625db3000,0x00007f0625fdd000] byte_map_base: 0x00007f06257dc000

Polling page: 0x00007f062c2eb000

Code Cache  [0x00007f0625fdd000, 0x00007f062624d000, 0x00007f0628fdd000)
 total_blobs=249 nmethods=38 adapters=172 free_code_cache=48675Kb largest_free_block=49825728

Compilation events (10 events):
Event: 0,968 Thread 0x0000000000f21800   34             java.lang.String::<init> (67 bytes)
Event: 0,968 Thread 0x0000000000f1f000   35             java.util.Arrays::copyOfRange (63 bytes)
Event: 0,972 Thread 0x0000000000f1f000 nmethod 35 0x00007f062604cb90 code [0x00007f062604cce0, 0x00007f062604ced8]
Event: 0,973 Thread 0x0000000000f21800 nmethod 34 0x00007f062604eb50 code [0x00007f062604eca0, 0x00007f062604efb8]
Event: 0,986 Thread 0x0000000000f1f000   36             java.util.Properties$LineReader::readLine (452 bytes)
Event: 1,004 Thread 0x0000000000f21800   37             java.lang.Character::toLowerCase (9 bytes)
Event: 1,006 Thread 0x0000000000f1f000 nmethod 36 0x00007f062604fa10 code [0x00007f062604fbc0, 0x00007f06260504d8]
Event: 1,006 Thread 0x0000000000f1f000   38             java.lang.CharacterDataLatin1::toLowerCase (39 bytes)
Event: 1,006 Thread 0x0000000000f21800 nmethod 37 0x00007f0626055690 code [0x00007f06260557e0, 0x00007f0626055938]
Event: 1,007 Thread 0x0000000000f1f000 nmethod 38 0x00007f0626055410 code [0x00007f0626055540, 0x00007f06260555f8]

GC Heap History (0 events):
No events

Deoptimization events (10 events):
Event: 0,714 Thread 0x0000000000e71800 Uncommon trap: reason=range_check action=none pc=0x00007f062604a954 method=sun.reflect.generics.parser.SignatureParser.current()C @ 34
Event: 0,714 Thread 0x0000000000e71800 Uncommon trap: reason=range_check action=none pc=0x00007f062604a954 method=sun.reflect.generics.parser.SignatureParser.current()C @ 34
Event: 0,715 Thread 0x0000000000e71800 Uncommon trap: reason=range_check action=none pc=0x00007f062604a954 method=sun.reflect.generics.parser.SignatureParser.current()C @ 34
Event: 0,715 Thread 0x0000000000e71800 Uncommon trap: reason=range_check action=none pc=0x00007f062604a954 method=sun.reflect.generics.parser.SignatureParser.current()C @ 34
Event: 0,716 Thread 0x0000000000e71800 Uncommon trap: reason=range_check action=none pc=0x00007f062604a954 method=sun.reflect.generics.parser.SignatureParser.current()C @ 34
Event: 0,716 Thread 0x0000000000e71800 Uncommon trap: reason=range_check action=none pc=0x00007f062604a954 method=sun.reflect.generics.parser.SignatureParser.current()C @ 34
Event: 0,717 Thread 0x0000000000e71800 Uncommon trap: reason=range_check action=none pc=0x00007f062604a954 method=sun.reflect.generics.parser.SignatureParser.current()C @ 34
Event: 0,717 Thread 0x0000000000e71800 Uncommon trap: reason=range_check action=none pc=0x00007f062604a954 method=sun.reflect.generics.parser.SignatureParser.current()C @ 34
Event: 0,718 Thread 0x0000000000e71800 Uncommon trap: reason=range_check action=none pc=0x00007f062604a954 method=sun.reflect.generics.parser.SignatureParser.current()C @ 34
Event: 0,719 Thread 0x0000000000e71800 Uncommon trap: reason=range_check action=none pc=0x00007f062604a954 method=sun.reflect.generics.parser.SignatureParser.current()C @ 34

Internal exceptions (10 events):
Event: 1,023 Thread 0x0000000000e71800 Threw 0x00000000eb7a89b0 at /HUDSON/workspace/7u-2-build-linux-amd64/jdk7u45/229/hotspot/src/share/vm/prims/jvm.cpp:1244
Event: 1,024 Thread 0x0000000000e71800 Threw 0x00000000eb7aef08 at /HUDSON/workspace/7u-2-build-linux-amd64/jdk7u45/229/hotspot/src/share/vm/prims/jvm.cpp:1244
Event: 1,025 Thread 0x0000000000e71800 Threw 0x00000000eb7c0988 at /HUDSON/workspace/7u-2-build-linux-amd64/jdk7u45/229/hotspot/src/share/vm/prims/jvm.cpp:1244
Event: 1,026 Thread 0x0000000000e71800 Threw 0x00000000eb7cc8c8 at /HUDSON/workspace/7u-2-build-linux-amd64/jdk7u45/229/hotspot/src/share/vm/prims/jvm.cpp:1244
Event: 1,029 Thread 0x0000000000e71800 Threw 0x00000000eb7d4560 at /HUDSON/workspace/7u-2-build-linux-amd64/jdk7u45/229/hotspot/src/share/vm/prims/jvm.cpp:1244
Event: 1,030 Thread 0x0000000000e71800 Threw 0x00000000eb7d8d40 at /HUDSON/workspace/7u-2-build-linux-amd64/jdk7u45/229/hotspot/src/share/vm/prims/jvm.cpp:1244
Event: 1,030 Thread 0x0000000000e71800 Threw 0x00000000eb7dcc30 at /HUDSON/workspace/7u-2-build-linux-amd64/jdk7u45/229/hotspot/src/share/vm/prims/jvm.cpp:1244
Event: 1,031 Thread 0x0000000000e71800 Threw 0x00000000eb7e0888 at /HUDSON/workspace/7u-2-build-linux-amd64/jdk7u45/229/hotspot/src/share/vm/prims/jvm.cpp:1244
Event: 1,031 Thread 0x0000000000e71800 Threw 0x00000000eb7e4818 at /HUDSON/workspace/7u-2-build-linux-amd64/jdk7u45/229/hotspot/src/share/vm/prims/jvm.cpp:1244
Event: 1,034 Thread 0x0000000000e71800 Threw 0x00000000eb7ea5d0 at /HUDSON/workspace/7u-2-build-linux-amd64/jdk7u45/229/hotspot/src/share/vm/interpreter/interpreterRuntime.cpp:304

Events (10 events):
Event: 7,045 loading class 0x00007f061c0697c0
Event: 7,046 loading class 0x00007f061c0697c0 done
Event: 7,046 loading class 0x00007f061c069790
Event: 7,046 loading class 0x00007f061c069750
Event: 7,046 loading class 0x00007f061c069750 done
Event: 7,046 loading class 0x00007f061c069790 done
Event: 7,046 Thread 0x000000000115d800 Thread added: 0x000000000115d800
Event: 7,047 Thread 0x000000000115d800 Thread exited: 0x000000000115d800
Event: 7,048 Thread 0x0000000000ef3800 Thread exited: 0x0000000000ef3800
Event: 7,048 Executing VM operation: Exit


Dynamic libraries:
00400000-00401000 r-xp 00000000 00:12 173819                             /home/joan/Projectes/Lib/jdk1.7.0_45/bin/java
00600000-00601000 rw-p 00000000 00:12 173819                             /home/joan/Projectes/Lib/jdk1.7.0_45/bin/java
00e62000-01e5a000 rw-p 00000000 00:00 0                                  [heap]
bae00000-bc300000 rw-p 00000000 00:00 0 
bc300000-c0000000 rw-p 00000000 00:00 0 
c0000000-d5580000 rw-p 00000000 00:00 0 
d5580000-eaa80000 rw-p 00000000 00:00 0 
eaa80000-f5580000 rw-p 00000000 00:00 0 
f5580000-100000000 rw-p 00000000 00:00 0 
7f0614000000-7f0614077000 rw-p 00000000 00:00 0 
7f0614077000-7f0618000000 ---p 00000000 00:00 0 
7f061c000000-7f061c3de000 rw-p 00000000 00:00 0 
7f061c3de000-7f0620000000 ---p 00000000 00:00 0 
7f0621199000-7f062119c000 ---p 00000000 00:00 0 
7f062119c000-7f062129a000 rw-p 00000000 00:00 0 
7f062129a000-7f062129e000 r--s 0008a000 00:12 174549                     /home/joan/Projectes/Lib/jdk1.7.0_45/jre/lib/jsse.jar
7f062129e000-7f06212a8000 r--s 00250000 00:12 174467                     /home/joan/Projectes/Lib/jdk1.7.0_45/jre/lib/resources.jar
7f06212a8000-7f06212aa000 r--s 0000a000 00:12 72394                      /home/joan/Programes/eclipse/plugins/org.apache.commons.logging_1.0.4.v201005080501.jar
7f06212aa000-7f06212af000 r--s 00025000 00:12 70953                      /home/joan/Programes/eclipse/plugins/javax.wsdl_1.6.2.v201005080631.jar
7f06212af000-7f06212b0000 r--s 00004000 00:12 72006                      /home/joan/Programes/eclipse/plugins/javax.xml.soap_1.2.0.v201005080501/lib/saaj.jar
7f06212b0000-7f06212b2000 r--s 00006000 00:12 71801                      /home/joan/Programes/eclipse/plugins/javax.xml.rpc_1.1.0.v201005080400/lib/jaxrpc.jar
7f06212b2000-7f06212b5000 r--s 0000f000 00:12 70853                      /home/joan/Programes/eclipse/plugins/org.apache.commons.discovery_0.2.0.v201004190315/lib/commons-discovery-0.2.jar
7f06212b5000-7f06212c9000 r--s 00173000 00:12 71142                      /home/joan/Programes/eclipse/plugins/org.apache.axis_1.4.0.v201005080400/lib/axis.jar
7f06212c9000-7f06212cd000 r--s 0002a000 00:12 142454                     /home/joan/Projectes/Lib/commons-io-2.4/commons-io-2.4.jar
7f06212cd000-7f06212d7000 r--s 00061000 00:12 389625                     /home/joan/Projectes/Lib/solr-4.6.1/dist/solrj-lib/httpclient-4.2.6.jar
7f06212d7000-7f06212d8000 r--s 00007000 00:12 389618                     /home/joan/Projectes/Lib/solr-4.6.1/dist/solr-dataimporthandler-extras-4.6.1.jar
7f06212d8000-7f06212dc000 r--s 00032000 00:12 389617                     /home/joan/Projectes/Lib/solr-4.6.1/dist/solr-dataimporthandler-4.6.1.jar
7f06212dc000-7f06212fe000 r--s 00232000 00:12 389616                     /home/joan/Projectes/Lib/solr-4.6.1/dist/solr-core-4.6.1.jar
7f06212fe000-7f0621306000 r--s 0005c000 00:12 389620                     /home/joan/Projectes/Lib/solr-4.6.1/dist/solr-solrj-4.6.1.jar
7f0621306000-7f062131f000 r--s 00135000 00:12 273853                     /home/joan/Projectes/Lib/htmlunit-2.13/lib/xercesImpl-2.11.0.jar
7f062131f000-7f0621344000 r--s 002e3000 00:12 273842                     /home/joan/Projectes/Lib/htmlunit-2.13/lib/xalan-2.7.1.jar
7f0621344000-7f0621347000 r--s 00041000 00:12 273843                     /home/joan/Projectes/Lib/htmlunit-2.13/lib/serializer-2.7.1.jar
7f0621347000-7f062134a000 r--s 0001c000 00:12 273854                     /home/joan/Projectes/Lib/htmlunit-2.13/lib/nekohtml-1.9.19.jar
7f062134a000-7f062134d000 r--s 0001c000 00:12 273858                     /home/joan/Projectes/Lib/htmlunit-2.13/lib/jetty-websocket-8.1.12.v20130726.jar
7f062134d000-7f0621352000 r--s 00042000 00:12 273859                     /home/joan/Projectes/Lib/htmlunit-2.13/lib/jetty-util-8.1.12.v20130726.jar
7f0621352000-7f0621355000 r--s 00017000 00:12 273860                     /home/joan/Projectes/Lib/htmlunit-2.13/lib/jetty-io-8.1.12.v20130726.jar
7f0621355000-7f0621357000 r--s 00016000 00:12 273861                     /home/joan/Projectes/Lib/htmlunit-2.13/lib/jetty-http-8.1.12.v20130726.jar
7f0621357000-7f0621359000 r--s 00008000 00:12 273851                     /home/joan/Projectes/Lib/htmlunit-2.13/lib/httpmime-4.3.1.jar
7f0621359000-7f062135f000 r--s 0003f000 00:12 273848                     /home/joan/Projectes/Lib/htmlunit-2.13/lib/httpcore-4.3.jar
7f062135f000-7f062136d000 r--s 000ef000 00:12 273852                     /home/joan/Projectes/Lib/htmlunit-2.13/lib/htmlunit-core-js-2.13.jar
7f062136d000-7f0621371000 r--s 00053000 00:12 273855                     /home/joan/Projectes/Lib/htmlunit-2.13/lib/cssparser-0.9.11.jar
7f0621371000-7f0621373000 r--s 0000e000 00:12 273849                     /home/joan/Projectes/Lib/htmlunit-2.13/lib/commons-logging-1.1.3.jar
7f0621373000-7f0621379000 r--s 00048000 00:12 273846                     /home/joan/Projectes/Lib/htmlunit-2.13/lib/commons-lang3-3.1.jar
7f0621379000-7f062137d000 r--s 0002a000 00:12 273857                     /home/joan/Projectes/Lib/htmlunit-2.13/lib/commons-io-2.4.jar
7f062137d000-7f062138b000 r--s 0007f000 00:12 273845                     /home/joan/Projectes/Lib/htmlunit-2.13/lib/commons-collections-3.2.1.jar
7f062138b000-7f0621392000 r--s 0003a000 00:12 273850                     /home/joan/Projectes/Lib/htmlunit-2.13/lib/commons-codec-1.8.jar
7f0621392000-7f062139d000 r--s 00084000 00:12 273847                     /home/joan/Projectes/Lib/htmlunit-2.13/lib/httpclient-4.3.1.jar
7f062139d000-7f06213b4000 r--s 00124000 00:12 273862                     /home/joan/Projectes/Lib/htmlunit-2.13/lib/htmlunit-2.13.jar
7f06213b4000-7f06213b5000 ---p 00000000 00:00 0 
7f06213b5000-7f06214b5000 rw-p 00000000 00:00 0 
7f06214b5000-7f06214b8000 ---p 00000000 00:00 0 
7f06214b8000-7f06215b6000 rw-p 00000000 00:00 0 
7f06215b6000-7f06215b9000 ---p 00000000 00:00 0 
7f06215b9000-7f06216b7000 rw-p 00000000 00:00 0 
7f06216b7000-7f06216ba000 ---p 00000000 00:00 0 
7f06216ba000-7f06217b8000 rw-p 00000000 00:00 0 
7f06217b8000-7f06217bb000 ---p 00000000 00:00 0 
7f06217bb000-7f06218b9000 rw-p 00000000 00:00 0 
7f06218b9000-7f06218bc000 ---p 00000000 00:00 0 
7f06218bc000-7f06219ba000 rw-p 00000000 00:00 0 
7f06219ba000-7f06219bd000 ---p 00000000 00:00 0 
7f06219bd000-7f0621abb000 rw-p 00000000 00:00 0 
7f0621abb000-7f0621abf000 r-xp 00000000 00:12 174597                     /home/joan/Projectes/Lib/jdk1.7.0_45/jre/lib/amd64/libdt_socket.so
7f0621abf000-7f0621cbe000 ---p 00004000 00:12 174597                     /home/joan/Projectes/Lib/jdk1.7.0_45/jre/lib/amd64/libdt_socket.so
7f0621cbe000-7f0621cbf000 rw-p 00003000 00:12 174597                     /home/joan/Projectes/Lib/jdk1.7.0_45/jre/lib/amd64/libdt_socket.so
7f0621cbf000-7f0621cc2000 ---p 00000000 00:00 0 
7f0621cc2000-7f0621dc0000 rw-p 00000000 00:00 0 
7f0621dc0000-7f0621dc3000 ---p 00000000 00:00 0 
7f0621dc3000-7f0621ec1000 rw-p 00000000 00:00 0 
7f0621ec1000-7f0621ec4000 ---p 00000000 00:00 0 
7f0621ec4000-7f0621fc2000 rw-p 00000000 00:00 0 
7f0621fc2000-7f0621fc3000 ---p 00000000 00:00 0 
7f0621fc3000-7f06230c2000 rw-p 00000000 00:00 0 
7f06230c2000-7f062327e000 r--s 039b2000 00:12 174348                     /home/joan/Projectes/Lib/jdk1.7.0_45/jre/lib/rt.jar
7f062327e000-7f0625830000 rw-p 00000000 00:00 0 
7f0625830000-7f0625831000 ---p 00000000 00:00 0 
7f0625831000-7f0625931000 rw-p 00000000 00:00 0 
7f0625931000-7f0625932000 ---p 00000000 00:00 0 
7f0625932000-7f0625a32000 rw-p 00000000 00:00 0 
7f0625a32000-7f0625a33000 ---p 00000000 00:00 0 
7f0625a33000-7f0625b33000 rw-p 00000000 00:00 0 
7f0625b33000-7f0625b34000 ---p 00000000 00:00 0 
7f0625b34000-7f0625c3f000 rw-p 00000000 00:00 0 
7f0625c3f000-7f0625c5d000 rw-p 00000000 00:00 0 
7f0625c5d000-7f0625d08000 rw-p 00000000 00:00 0 
7f0625d08000-7f0625db3000 rw-p 00000000 00:00 0 
7f0625db3000-7f0625dbe000 rw-p 00000000 00:00 0 
7f0625dbe000-7f0625ddc000 rw-p 00000000 00:00 0 
7f0625ddc000-7f0625e87000 rw-p 00000000 00:00 0 
7f0625e87000-7f0625f31000 rw-p 00000000 00:00 0 
7f0625f31000-7f0625f87000 rw-p 00000000 00:00 0 
7f0625f87000-7f0625fdc000 rw-p 00000000 00:00 0 
7f0625fdc000-7f0625fdd000 rw-p 00000000 00:00 0 
7f0625fdd000-7f062624d000 rwxp 00000000 00:00 0 
7f062624d000-7f0628fdd000 rw-p 00000000 00:00 0 
7f0628fdd000-7f0628ff7000 r-xp 00000000 00:12 174609                     /home/joan/Projectes/Lib/jdk1.7.0_45/jre/lib/amd64/libzip.so
7f0628ff7000-7f06291f7000 ---p 0001a000 00:12 174609                     /home/joan/Projectes/Lib/jdk1.7.0_45/jre/lib/amd64/libzip.so
7f06291f7000-7f06291f8000 rw-p 0001a000 00:12 174609                     /home/joan/Projectes/Lib/jdk1.7.0_45/jre/lib/amd64/libzip.so
7f06291f8000-7f0629203000 r-xp 00000000 08:01 1319086                    /lib/x86_64-linux-gnu/libnss_files-2.13.so
7f0629203000-7f0629402000 ---p 0000b000 08:01 1319086                    /lib/x86_64-linux-gnu/libnss_files-2.13.so
7f0629402000-7f0629403000 r--p 0000a000 08:01 1319086                    /lib/x86_64-linux-gnu/libnss_files-2.13.so
7f0629403000-7f0629404000 rw-p 0000b000 08:01 1319086                    /lib/x86_64-linux-gnu/libnss_files-2.13.so
7f0629404000-7f062940e000 r-xp 00000000 08:01 1318650                    /lib/x86_64-linux-gnu/libnss_nis-2.13.so
7f062940e000-7f062960d000 ---p 0000a000 08:01 1318650                    /lib/x86_64-linux-gnu/libnss_nis-2.13.so
7f062960d000-7f062960e000 r--p 00009000 08:01 1318650                    /lib/x86_64-linux-gnu/libnss_nis-2.13.so
7f062960e000-7f062960f000 rw-p 0000a000 08:01 1318650                    /lib/x86_64-linux-gnu/libnss_nis-2.13.so
7f062960f000-7f0629624000 r-xp 00000000 08:01 1318648                    /lib/x86_64-linux-gnu/libnsl-2.13.so
7f0629624000-7f0629823000 ---p 00015000 08:01 1318648                    /lib/x86_64-linux-gnu/libnsl-2.13.so
7f0629823000-7f0629824000 r--p 00014000 08:01 1318648                    /lib/x86_64-linux-gnu/libnsl-2.13.so
7f0629824000-7f0629825000 rw-p 00015000 08:01 1318648                    /lib/x86_64-linux-gnu/libnsl-2.13.so
7f0629825000-7f0629827000 rw-p 00000000 00:00 0 
7f0629827000-7f062982e000 r-xp 00000000 08:01 1318643                    /lib/x86_64-linux-gnu/libnss_compat-2.13.so
7f062982e000-7f0629a2d000 ---p 00007000 08:01 1318643                    /lib/x86_64-linux-gnu/libnss_compat-2.13.so
7f0629a2d000-7f0629a2e000 r--p 00006000 08:01 1318643                    /lib/x86_64-linux-gnu/libnss_compat-2.13.so
7f0629a2e000-7f0629a2f000 rw-p 00007000 08:01 1318643                    /lib/x86_64-linux-gnu/libnss_compat-2.13.so
7f0629a2f000-7f0629ba6000 r--p 00000000 08:01 921549                     /usr/lib/locale/locale-archive
7f0629ba6000-7f0629ba9000 r-xp 00000000 00:12 174616                     /home/joan/Projectes/Lib/jdk1.7.0_45/jre/lib/amd64/libnpt.so
7f0629ba9000-7f0629da8000 ---p 00003000 00:12 174616                     /home/joan/Projectes/Lib/jdk1.7.0_45/jre/lib/amd64/libnpt.so
7f0629da8000-7f0629da9000 rw-p 00002000 00:12 174616                     /home/joan/Projectes/Lib/jdk1.7.0_45/jre/lib/amd64/libnpt.so
7f0629da9000-7f0629de2000 r-xp 00000000 00:12 174595                     /home/joan/Projectes/Lib/jdk1.7.0_45/jre/lib/amd64/libjdwp.so
7f0629de2000-7f0629fe2000 ---p 00039000 00:12 174595                     /home/joan/Projectes/Lib/jdk1.7.0_45/jre/lib/amd64/libjdwp.so
7f0629fe2000-7f0629fe3000 rw-p 00039000 00:12 174595                     /home/joan/Projectes/Lib/jdk1.7.0_45/jre/lib/amd64/libjdwp.so
7f0629fe3000-7f0629fe4000 rw-p 00000000 00:00 0 
7f0629fe4000-7f062a00d000 r-xp 00000000 00:12 174600                     /home/joan/Projectes/Lib/jdk1.7.0_45/jre/lib/amd64/libjava.so
7f062a00d000-7f062a20d000 ---p 00029000 00:12 174600                     /home/joan/Projectes/Lib/jdk1.7.0_45/jre/lib/amd64/libjava.so
7f062a20d000-7f062a20f000 rw-p 00029000 00:12 174600                     /home/joan/Projectes/Lib/jdk1.7.0_45/jre/lib/amd64/libjava.so
7f062a20f000-7f062a21c000 r-xp 00000000 00:12 174589                     /home/joan/Projectes/Lib/jdk1.7.0_45/jre/lib/amd64/libverify.so
7f062a21c000-7f062a41b000 ---p 0000d000 00:12 174589                     /home/joan/Projectes/Lib/jdk1.7.0_45/jre/lib/amd64/libverify.so
7f062a41b000-7f062a41d000 rw-p 0000c000 00:12 174589                     /home/joan/Projectes/Lib/jdk1.7.0_45/jre/lib/amd64/libverify.so
7f062a41d000-7f062a424000 r-xp 00000000 08:01 1319090                    /lib/x86_64-linux-gnu/librt-2.13.so
7f062a424000-7f062a623000 ---p 00007000 08:01 1319090                    /lib/x86_64-linux-gnu/librt-2.13.so
7f062a623000-7f062a624000 r--p 00006000 08:01 1319090                    /lib/x86_64-linux-gnu/librt-2.13.so
7f062a624000-7f062a625000 rw-p 00007000 08:01 1319090                    /lib/x86_64-linux-gnu/librt-2.13.so
7f062a625000-7f062a6a6000 r-xp 00000000 08:01 1318645                    /lib/x86_64-linux-gnu/libm-2.13.so
7f062a6a6000-7f062a8a5000 ---p 00081000 08:01 1318645                    /lib/x86_64-linux-gnu/libm-2.13.so
7f062a8a5000-7f062a8a6000 r--p 00080000 08:01 1318645                    /lib/x86_64-linux-gnu/libm-2.13.so
7f062a8a6000-7f062a8a7000 rw-p 00081000 08:01 1318645                    /lib/x86_64-linux-gnu/libm-2.13.so
7f062a8a7000-7f062b409000 r-xp 00000000 00:12 174606                     /home/joan/Projectes/Lib/jdk1.7.0_45/jre/lib/amd64/server/libjvm.so
7f062b409000-7f062b609000 ---p 00b62000 00:12 174606                     /home/joan/Projectes/Lib/jdk1.7.0_45/jre/lib/amd64/server/libjvm.so
7f062b609000-7f062b6cc000 rw-p 00b62000 00:12 174606                     /home/joan/Projectes/Lib/jdk1.7.0_45/jre/lib/amd64/server/libjvm.so
7f062b6cc000-7f062b70d000 rw-p 00000000 00:00 0 
7f062b70d000-7f062b88f000 r-xp 00000000 08:01 1318612                    /lib/x86_64-linux-gnu/libc-2.13.so
7f062b88f000-7f062ba8e000 ---p 00182000 08:01 1318612                    /lib/x86_64-linux-gnu/libc-2.13.so
7f062ba8e000-7f062ba92000 r--p 00181000 08:01 1318612                    /lib/x86_64-linux-gnu/libc-2.13.so
7f062ba92000-7f062ba93000 rw-p 00185000 08:01 1318612                    /lib/x86_64-linux-gnu/libc-2.13.so
7f062ba93000-7f062ba98000 rw-p 00000000 00:00 0 
7f062ba98000-7f062ba9a000 r-xp 00000000 08:01 1319084                    /lib/x86_64-linux-gnu/libdl-2.13.so
7f062ba9a000-7f062bc9a000 ---p 00002000 08:01 1319084                    /lib/x86_64-linux-gnu/libdl-2.13.so
7f062bc9a000-7f062bc9b000 r--p 00002000 08:01 1319084                    /lib/x86_64-linux-gnu/libdl-2.13.so
7f062bc9b000-7f062bc9c000 rw-p 00003000 08:01 1319084                    /lib/x86_64-linux-gnu/libdl-2.13.so
7f062bc9c000-7f062bcb2000 r-xp 00000000 00:12 173430                     /home/joan/Projectes/Lib/jdk1.7.0_45/lib/amd64/jli/libjli.so
7f062bcb2000-7f062beb2000 ---p 00016000 00:12 173430                     /home/joan/Projectes/Lib/jdk1.7.0_45/lib/amd64/jli/libjli.so
7f062beb2000-7f062beb3000 rw-p 00016000 00:12 173430                     /home/joan/Projectes/Lib/jdk1.7.0_45/lib/amd64/jli/libjli.so
7f062beb3000-7f062beca000 r-xp 00000000 08:01 1319088                    /lib/x86_64-linux-gnu/libpthread-2.13.so
7f062beca000-7f062c0c9000 ---p 00017000 08:01 1319088                    /lib/x86_64-linux-gnu/libpthread-2.13.so
7f062c0c9000-7f062c0ca000 r--p 00016000 08:01 1319088                    /lib/x86_64-linux-gnu/libpthread-2.13.so
7f062c0ca000-7f062c0cb000 rw-p 00017000 08:01 1319088                    /lib/x86_64-linux-gnu/libpthread-2.13.so
7f062c0cb000-7f062c0cf000 rw-p 00000000 00:00 0 
7f062c0cf000-7f062c0ef000 r-xp 00000000 08:01 1319092                    /lib/x86_64-linux-gnu/ld-2.13.so
7f062c0f0000-7f062c0f2000 rw-p 00000000 00:00 0 
7f062c0f2000-7f062c0f3000 r--s 00003000 00:12 273856                     /home/joan/Projectes/Lib/htmlunit-2.13/lib/sac-1.3.jar
7f062c0f3000-7f062c0fc000 r--s 0002d000 00:12 273844                     /home/joan/Projectes/Lib/htmlunit-2.13/lib/xml-apis-1.4.01.jar
7f062c0fc000-7f062c11c000 rw-p 00000000 00:00 0 
7f062c11c000-7f062c1d2000 rw-p 00000000 00:00 0 
7f062c1d2000-7f062c1d3000 ---p 00000000 00:00 0 
7f062c1d3000-7f062c2d7000 rw-p 00000000 00:00 0 
7f062c2d7000-7f062c2db000 r--s 00015000 00:12 144624                     /home/joan/Projectes/Lib/jaxb-ri-2.2.6/lib/jaxb-api.jar
7f062c2db000-7f062c2e2000 r--s 00000000 08:01 925002                     /usr/lib/x86_64-linux-gnu/gconv/gconv-modules.cache
7f062c2e2000-7f062c2ea000 rw-s 00000000 00:15 1753522                    /tmp/hsperfdata_joan/28462
7f062c2ea000-7f062c2eb000 rw-p 00000000 00:00 0 
7f062c2eb000-7f062c2ec000 ---p 00000000 00:00 0 
7f062c2ec000-7f062c2ee000 rw-p 00000000 00:00 0 
7f062c2ee000-7f062c2ef000 r--p 0001f000 08:01 1319092                    /lib/x86_64-linux-gnu/ld-2.13.so
7f062c2ef000-7f062c2f0000 rw-p 00020000 08:01 1319092                    /lib/x86_64-linux-gnu/ld-2.13.so
7f062c2f0000-7f062c2f1000 rw-p 00000000 00:00 0 
7fff422fe000-7fff42320000 rw-p 00000000 00:00 0                          [stack]
7fff42344000-7fff42345000 r-xp 00000000 00:00 0                          [vdso]
ffffffffff600000-ffffffffff601000 r-xp 00000000 00:00 0                  [vsyscall]

VM Arguments:
jvm_args: -agentlib:jdwp=transport=dt_socket,suspend=y,address=localhost:43671 -Xms512M -Xmx1024M -Djava.library.path=/home/joan/Projectes/HttpRobot/Lib/jdk1.7.0_45/jre:/home/joan/Projectes/HttpRobot/Lib/jdk1.7.0_45/jre/lib -Dfile.encoding=UTF-8 
java_command: org.httprobot.client.app.Application
Launcher Type: SUN_STANDARD

Environment Variables:
JAVA_HOME=/usr/lib/jvm/java-8-oracle
PATH=/usr/local/bin:/usr/bin:/bin:/usr/local/games:/usr/games:/usr/lib/jvm/java-8-oracle/bin:/usr/lib/jvm/java-8-oracle/db/bin:/usr/lib/jvm/java-8-oracle/jre/bin
USERNAME=joan
SHELL=/bin/bash
DISPLAY=:0

Signal Handlers:
SIGSEGV: [libjvm.so+0x9935b0], sa_mask[0]=0x7ffbfeff, sa_flags=0x10000004
SIGBUS: [libjvm.so+0x9935b0], sa_mask[0]=0x7ffbfeff, sa_flags=0x10000004
SIGFPE: [libjvm.so+0x810330], sa_mask[0]=0x7ffbfeff, sa_flags=0x10000004
SIGPIPE: [libjvm.so+0x810330], sa_mask[0]=0x7ffbfeff, sa_flags=0x10000004
SIGXFSZ: [libjvm.so+0x810330], sa_mask[0]=0x7ffbfeff, sa_flags=0x10000004
SIGILL: [libjvm.so+0x810330], sa_mask[0]=0x7ffbfeff, sa_flags=0x10000004
SIGUSR1: SIG_DFL, sa_mask[0]=0x00000000, sa_flags=0x00000000
SIGUSR2: [libjvm.so+0x811820], sa_mask[0]=0x00000004, sa_flags=0x10000004
SIGHUP: [libjvm.so+0x812790], sa_mask[0]=0x7ffbfeff, sa_flags=0x10000004
SIGINT: [libjvm.so+0x812790], sa_mask[0]=0x7ffbfeff, sa_flags=0x10000004
SIGTERM: [libjvm.so+0x812790], sa_mask[0]=0x7ffbfeff, sa_flags=0x10000004
SIGQUIT: [libjvm.so+0x812790], sa_mask[0]=0x7ffbfeff, sa_flags=0x10000004


---------------  S Y S T E M  ---------------

OS:7.5

uname:Linux 3.2.0-4-amd64 #1 SMP Debian 3.2.57-3+deb7u1 x86_64
libc:glibc 2.13 NPTL 2.13 
rlimit: STACK 8192k, CORE 0k, NPROC 63275, NOFILE 4096, AS infinity
load average:1,89 0,65 0,39

/proc/meminfo:
MemTotal:        8111500 kB
MemFree:         1756544 kB
Buffers:          124580 kB
Cached:          5110472 kB
SwapCached:           68 kB
Active:          3257172 kB
Inactive:        2785980 kB
Active(anon):    1137792 kB
Inactive(anon):   538788 kB
Active(file):    2119380 kB
Inactive(file):  2247192 kB
Unevictable:          16 kB
Mlocked:              16 kB
SwapTotal:       7812092 kB
SwapFree:        7759608 kB
Dirty:              3844 kB
Writeback:             0 kB
AnonPages:        807960 kB
Mapped:           136516 kB
Shmem:            868480 kB
Slab:             240740 kB
SReclaimable:     210512 kB
SUnreclaim:        30228 kB
KernelStack:        3752 kB
PageTables:        20328 kB
NFS_Unstable:          0 kB
Bounce:                0 kB
WritebackTmp:          0 kB
CommitLimit:    11867840 kB
Committed_AS:    4254944 kB
VmallocTotal:   34359738367 kB
VmallocUsed:      569360 kB
VmallocChunk:   34359090536 kB
HardwareCorrupted:     0 kB
AnonHugePages:         0 kB
HugePages_Total:       0
HugePages_Free:        0
HugePages_Rsvd:        0
HugePages_Surp:        0
Hugepagesize:       2048 kB
DirectMap4k:       59392 kB
DirectMap2M:     8245248 kB


CPU:total 4 (2 cores per cpu, 2 threads per core) family 6 model 42 stepping 7, cmov, cx8, fxsr, mmx, sse, sse2, sse3, ssse3, sse4.1, sse4.2, popcnt, avx, aes, ht, tsc, tscinvbit

/proc/cpuinfo:
processor	: 0
vendor_id	: GenuineIntel
cpu family	: 6
model		: 42
model name	: Intel(R) Core(TM) i7-2640M CPU @ 2.80GHz
stepping	: 7
microcode	: 0x14
cpu MHz		: 2801.000
cache size	: 4096 KB
physical id	: 0
siblings	: 4
core id		: 0
cpu cores	: 2
apicid		: 0
initial apicid	: 0
fpu		: yes
fpu_exception	: yes
cpuid level	: 13
wp		: yes
flags		: fpu vme de pse tsc msr pae mce cx8 apic sep mtrr pge mca cmov pat pse36 clflush dts acpi mmx fxsr sse sse2 ss ht tm pbe syscall nx rdtscp lm constant_tsc arch_perfmon pebs bts rep_good nopl xtopology nonstop_tsc aperfmperf pni pclmulqdq dtes64 monitor ds_cpl vmx smx est tm2 ssse3 cx16 xtpr pdcm pcid sse4_1 sse4_2 x2apic popcnt tsc_deadline_timer aes xsave avx lahf_lm ida arat epb xsaveopt pln pts dtherm tpr_shadow vnmi flexpriority ept vpid
bogomips	: 5587.55
clflush size	: 64
cache_alignment	: 64
address sizes	: 36 bits physical, 48 bits virtual
power management:

processor	: 1
vendor_id	: GenuineIntel
cpu family	: 6
model		: 42
model name	: Intel(R) Core(TM) i7-2640M CPU @ 2.80GHz
stepping	: 7
microcode	: 0x14
cpu MHz		: 1800.000
cache size	: 4096 KB
physical id	: 0
siblings	: 4
core id		: 0
cpu cores	: 2
apicid		: 1
initial apicid	: 1
fpu		: yes
fpu_exception	: yes
cpuid level	: 13
wp		: yes
flags		: fpu vme de pse tsc msr pae mce cx8 apic sep mtrr pge mca cmov pat pse36 clflush dts acpi mmx fxsr sse sse2 ss ht tm pbe syscall nx rdtscp lm constant_tsc arch_perfmon pebs bts rep_good nopl xtopology nonstop_tsc aperfmperf pni pclmulqdq dtes64 monitor ds_cpl vmx smx est tm2 ssse3 cx16 xtpr pdcm pcid sse4_1 sse4_2 x2apic popcnt tsc_deadline_timer aes xsave avx lahf_lm ida arat epb xsaveopt pln pts dtherm tpr_shadow vnmi flexpriority ept vpid
bogomips	: 5587.04
clflush size	: 64
cache_alignment	: 64
address sizes	: 36 bits physical, 48 bits virtual
power management:

processor	: 2
vendor_id	: GenuineIntel
cpu family	: 6
model		: 42
model name	: Intel(R) Core(TM) i7-2640M CPU @ 2.80GHz
stepping	: 7
microcode	: 0x14
cpu MHz		: 2801.000
cache size	: 4096 KB
physical id	: 0
siblings	: 4
core id		: 1
cpu cores	: 2
apicid		: 2
initial apicid	: 2
fpu		: yes
fpu_exception	: yes
cpuid level	: 13
wp		: yes
flags		: fpu vme de pse tsc msr pae mce cx8 apic sep mtrr pge mca cmov pat pse36 clflush dts acpi mmx fxsr sse sse2 ss ht tm pbe syscall nx rdtscp lm constant_tsc arch_perfmon pebs bts rep_good nopl xtopology nonstop_tsc aperfmperf pni pclmulqdq dtes64 monitor ds_cpl vmx smx est tm2 ssse3 cx16 xtpr pdcm pcid sse4_1 sse4_2 x2apic popcnt tsc_deadline_timer aes xsave avx lahf_lm ida arat epb xsaveopt pln pts dtherm tpr_shadow vnmi flexpriority ept vpid
bogomips	: 5587.05
clflush size	: 64
cache_alignment	: 64
address sizes	: 36 bits physical, 48 bits virtual
power management:

processor	: 3
vendor_id	: GenuineIntel
cpu family	: 6
model		: 42
model name	: Intel(R) Core(TM) i7-2640M CPU @ 2.80GHz
stepping	: 7
microcode	: 0x14
cpu MHz		: 800.000
cache size	: 4096 KB
physical id	: 0
siblings	: 4
core id		: 1
cpu cores	: 2
apicid		: 3
initial apicid	: 3
fpu		: yes
fpu_exception	: yes
cpuid level	: 13
wp		: yes
flags		: fpu vme de pse tsc msr pae mce cx8 apic sep mtrr pge mca cmov pat pse36 clflush dts acpi mmx fxsr sse sse2 ss ht tm pbe syscall nx rdtscp lm constant_tsc arch_perfmon pebs bts rep_good nopl xtopology nonstop_tsc aperfmperf pni pclmulqdq dtes64 monitor ds_cpl vmx smx est tm2 ssse3 cx16 xtpr pdcm pcid sse4_1 sse4_2 x2apic popcnt tsc_deadline_timer aes xsave avx lahf_lm ida arat epb xsaveopt pln pts dtherm tpr_shadow vnmi flexpriority ept vpid
bogomips	: 5587.06
clflush size	: 64
cache_alignment	: 64
address sizes	: 36 bits physical, 48 bits virtual
power management:



Memory: 4k page, physical 8111500k(1756544k free), swap 7812092k(7759608k free)

vm_info: Java HotSpot(TM) 64-Bit Server VM (24.45-b08) for linux-amd64 JRE (1.7.0_45-b18), built on Oct  8 2013 05:44:25 by "java_re" with gcc 4.3.0 20080428 (Red Hat 4.3.0-8)

time: Tue Jun 10 12:44:21 2014
elapsed time: 7 seconds

